<?xml version="1.0" encoding="UTF-8"?>
<!-- Generated by org.testng.reporters.JUnitXMLReporter -->
<testsuite hostname="COM-04" ignored="0" name="Test" tests="5" failures="0" timestamp="2020-07-06T00:26:07 ART" time="130.436" errors="0">
  <testcase name="lab1_E1" time="18.374" classname="Edit.EducacionIT.Laboratorio1"/>
  <testcase name="lab1_E3" time="19.599" classname="Edit.EducacionIT.Laboratorio1"/>
  <testcase name="lab_E2" time="62.131" classname="Edit.EducacionIT.Laboratorio1"/>
  <testcase name="shouldAnswerWithTrue" time="0.015" classname="Edit.EducacionIT.AppTest"/>
  <testcase name="lab2_E1" time="30.006" classname="Edit.EducacionIT.Laboratorio2"/>
</testsuite> <!-- Test -->
