<?xml version="1.0" encoding="UTF-8"?>
<testng-results skipped="0" failed="0" ignored="0" total="2" passed="2">
  <reporter-output>
  </reporter-output>
  <suite name="Default suite" duration-ms="86308" started-at="2020-07-06T03:42:21 ART" finished-at="2020-07-06T03:43:47 ART">
    <groups>
    </groups>
    <test name="Default test" duration-ms="86308" started-at="2020-07-06T03:42:21 ART" finished-at="2020-07-06T03:43:47 ART">
      <class name="pruebas.Test_Laboratorio4_E2">
        <test-method status="PASS" signature="setUp()[pri:0, instance:pruebas.Test_Laboratorio4_E2@6edcad64]" name="setUp" is-config="true" duration-ms="17847" started-at="2020-07-06T03:42:03 ART" finished-at="2020-07-06T03:42:21 ART">
          <reporter-output>
          </reporter-output>
        </test-method> <!-- setUp -->
        <test-method status="PASS" signature="IrURL()[pri:0, instance:pruebas.Test_Laboratorio4_E2@6edcad64]" name="IrURL" is-config="true" duration-ms="10030" started-at="2020-07-06T03:42:21 ART" finished-at="2020-07-06T03:42:31 ART">
          <reporter-output>
          </reporter-output>
        </test-method> <!-- IrURL -->
        <test-method status="PASS" signature="irRegistroLogin(java.lang.String, java.lang.String)[pri:0, instance:pruebas.Test_Laboratorio4_E2@6edcad64]" name="irRegistroLogin" duration-ms="16266" started-at="2020-07-06T03:43:18 ART" description="Prueba de Registro" data-provider="datos login invalido" finished-at="2020-07-06T03:43:34 ART">
          <params>
            <param index="0">
              <value>
                <![CDATA[correo3@mailinator.com]]>
              </value>
            </param>
            <param index="1">
              <value>
                <![CDATA[ABCD]]>
              </value>
            </param>
          </params>
          <reporter-output>
          </reporter-output>
        </test-method> <!-- irRegistroLogin -->
        <test-method status="PASS" signature="irRegistroLogin(java.lang.String, java.lang.String)[pri:0, instance:pruebas.Test_Laboratorio4_E2@6edcad64]" name="irRegistroLogin" duration-ms="11474" started-at="2020-07-06T03:43:34 ART" description="Prueba de Registro" data-provider="datos login invalido" finished-at="2020-07-06T03:43:45 ART">
          <params>
            <param index="0">
              <value>
                <![CDATA[correo4@mailinator.com]]>
              </value>
            </param>
            <param index="1">
              <value>
                <![CDATA[ABCD]]>
              </value>
            </param>
          </params>
          <reporter-output>
          </reporter-output>
        </test-method> <!-- irRegistroLogin -->
        <test-method status="PASS" signature="cerrarPagina()[pri:0, instance:pruebas.Test_Laboratorio4_E2@6edcad64]" name="cerrarPagina" is-config="true" duration-ms="1719" started-at="2020-07-06T03:43:46 ART" finished-at="2020-07-06T03:43:47 ART">
          <reporter-output>
          </reporter-output>
        </test-method> <!-- cerrarPagina -->
      </class> <!-- pruebas.Test_Laboratorio4_E2 -->
    </test> <!-- Default test -->
  </suite> <!-- Default suite -->
</testng-results>
